2013-04-08 14:56:28 Error: [MissingActionException] Action PostsController::index.ctp() could not be found.
Exception Attributes: array (
  'controller' => 'PostsController',
  'action' => 'index.ctp',
)
Request URL: /Posts/index.ctp
Stack Trace:
#0 /home/weboniselab/projects/apps2013/php/testApp/www.testapp.com/lib/Cake/Routing/Dispatcher.php(187): Controller->invokeAction(Object(CakeRequest))
#1 /home/weboniselab/projects/apps2013/php/testApp/www.testapp.com/lib/Cake/Routing/Dispatcher.php(162): Dispatcher->_invoke(Object(PostsController), Object(CakeRequest), Object(CakeResponse))
#2 /home/weboniselab/projects/apps2013/php/testApp/www.testapp.com/app/webroot/index.php(109): Dispatcher->dispatch(Object(CakeRequest), Object(CakeResponse))
#3 {main}
2013-04-08 14:58:32 Error: [MissingActionException] Action PostsController::index.ctp() could not be found.
Exception Attributes: array (
  'controller' => 'PostsController',
  'action' => 'index.ctp',
)
Request URL: /Posts/index.ctp
Stack Trace:
#0 /home/weboniselab/projects/apps2013/php/testApp/www.testapp.com/lib/Cake/Routing/Dispatcher.php(187): Controller->invokeAction(Object(CakeRequest))
#1 /home/weboniselab/projects/apps2013/php/testApp/www.testapp.com/lib/Cake/Routing/Dispatcher.php(162): Dispatcher->_invoke(Object(PostsController), Object(CakeRequest), Object(CakeResponse))
#2 /home/weboniselab/projects/apps2013/php/testApp/www.testapp.com/app/webroot/index.php(109): Dispatcher->dispatch(Object(CakeRequest), Object(CakeResponse))
#3 {main}
2013-04-08 15:00:05 Error: [MissingActionException] Action UsersController::display() could not be found.
Exception Attributes: array (
  'controller' => 'UsersController',
  'action' => 'display',
)
Request URL: /
Stack Trace:
#0 /home/weboniselab/projects/apps2013/php/testApp/www.testapp.com/lib/Cake/Routing/Dispatcher.php(187): Controller->invokeAction(Object(CakeRequest))
#1 /home/weboniselab/projects/apps2013/php/testApp/www.testapp.com/lib/Cake/Routing/Dispatcher.php(162): Dispatcher->_invoke(Object(UsersController), Object(CakeRequest), Object(CakeResponse))
#2 /home/weboniselab/projects/apps2013/php/testApp/www.testapp.com/app/webroot/index.php(109): Dispatcher->dispatch(Object(CakeRequest), Object(CakeResponse))
#3 {main}
2013-06-13 12:40:23 Error: [MissingControllerException] Controller class Main.phpController could not be found.
Exception Attributes: array (
  'class' => 'Main.phpController',
  'plugin' => NULL,
)
Request URL: /main.php
Stack Trace:
#0 /home/weboniselab/projects/apps2013/php/testApp/www.testapp.com/app/webroot/index.php(109): Dispatcher->dispatch(Object(CakeRequest), Object(CakeResponse))
#1 {main}
2013-06-13 12:42:26 Error: [MissingTableException] Table posts for model Post was not found in datasource default.
Exception Attributes: array (
  'table' => 'posts',
  'class' => 'Post',
  'ds' => 'default',
)
Request URL: /users/edit/0
Stack Trace:
#0 /home/weboniselab/projects/apps2013/php/testApp/www.testapp.com/lib/Cake/Model/Model.php(3237): Model->setSource('posts')
#1 /home/weboniselab/projects/apps2013/php/testApp/www.testapp.com/lib/Cake/Model/Datasource/DboSource.php(1067): Model->getDataSource()
#2 /home/weboniselab/projects/apps2013/php/testApp/www.testapp.com/lib/Cake/Model/Model.php(2694): DboSource->read(Object(User), Array)
#3 /home/weboniselab/projects/apps2013/php/testApp/www.testapp.com/app/Controller/UsersController.php(72): Model->find('first', Array)
#4 [internal function]: UsersController->edit('0')
#5 /home/weboniselab/projects/apps2013/php/testApp/www.testapp.com/lib/Cake/Controller/Controller.php(486): ReflectionMethod->invokeArgs(Object(UsersController), Array)
#6 /home/weboniselab/projects/apps2013/php/testApp/www.testapp.com/lib/Cake/Routing/Dispatcher.php(187): Controller->invokeAction(Object(CakeRequest))
#7 /home/weboniselab/projects/apps2013/php/testApp/www.testapp.com/lib/Cake/Routing/Dispatcher.php(162): Dispatcher->_invoke(Object(UsersController), Object(CakeRequest), Object(CakeResponse))
#8 /home/weboniselab/projects/apps2013/php/testApp/www.testapp.com/app/webroot/index.php(109): Dispatcher->dispatch(Object(CakeRequest), Object(CakeResponse))
#9 {main}
